<?xml version="1.0" encoding="UTF-8"?>
<!-- Generated by org.testng.reporters.JUnitXMLReporter -->
<testsuite hostname="DESKTOP-MCEU9RJ" ignored="0" name=" Test Cases" tests="15" failures="1" timestamp="02 Feb 2019 16:08:58 GMT" time="70.065" errors="0">
  <testcase name="@AfterMethod capturescreenshot" time="51.611" classname="project.Exp1">
    <failure type="org.openqa.selenium.remote.UnreachableBrowserException" message="Error communicating with the remote browser. It may have died.
Build info: version: &amp;apos;2.52.0&amp;apos;, revision: &amp;apos;4c2593c&amp;apos;, time: &amp;apos;2016-02-11 19:06:42&amp;apos;
System info: host: &amp;apos;DESKTOP-MCEU9RJ&amp;apos;, ip: &amp;apos;127.0.0.1&amp;apos;, os.name: &amp;apos;Windows 10&amp;apos;, os.arch: &amp;apos;amd64&amp;apos;, os.version: &amp;apos;10.0&amp;apos;, java.version: &amp;apos;1.8.0_181&amp;apos;
Driver info: driver.version: RemoteWebDriver
Capabilities [{mobileEmulationEnabled=false, timeouts={implicit=0, pageLoad=300000, script=30000}, hasTouchScreen=false, platform=XP, acceptSslCerts=false, goog:chromeOptions={debuggerAddress=localhost:58856}, acceptInsecureCerts=false, webStorageEnabled=true, browserName=chrome, takesScreenshot=true, javascriptEnabled=true, setWindowRect=true, unexpectedAlertBehaviour=ignore, applicationCacheEnabled=false, rotatable=false, networkConnectionEnabled=false, chrome={chromedriverVersion=2.45.615291 (ec3682e3c9061c10f26ea9e5cdcf3c53f3f74387), userDataDir=C:\Users\Dipika\AppData\Local\Temp\scoped_dir12584_8793}, takesHeapSnapshot=true, pageLoadStrategy=normal, strictFileInteractability=false, databaseEnabled=false, handlesAlerts=true, version=72.0.3626.81, browserConnectionEnabled=false, proxy={}, nativeEvents=true, locationContextEnabled=true, cssSelectorsEnabled=true}]
Session ID: fa4f8307bfdbb447fcbb3f29766d3112">
      <![CDATA[org.openqa.selenium.remote.UnreachableBrowserException: Error communicating with the remote browser. It may have died.
Build info: version: '2.52.0', revision: '4c2593c', time: '2016-02-11 19:06:42'
System info: host: 'DESKTOP-MCEU9RJ', ip: '127.0.0.1', os.name: 'Windows 10', os.arch: 'amd64', os.version: '10.0', java.version: '1.8.0_181'
Driver info: driver.version: RemoteWebDriver
Capabilities [{mobileEmulationEnabled=false, timeouts={implicit=0, pageLoad=300000, script=30000}, hasTouchScreen=false, platform=XP, acceptSslCerts=false, goog:chromeOptions={debuggerAddress=localhost:58856}, acceptInsecureCerts=false, webStorageEnabled=true, browserName=chrome, takesScreenshot=true, javascriptEnabled=true, setWindowRect=true, unexpectedAlertBehaviour=ignore, applicationCacheEnabled=false, rotatable=false, networkConnectionEnabled=false, chrome={chromedriverVersion=2.45.615291 (ec3682e3c9061c10f26ea9e5cdcf3c53f3f74387), userDataDir=C:\Users\Dipika\AppData\Local\Temp\scoped_dir12584_8793}, takesHeapSnapshot=true, pageLoadStrategy=normal, strictFileInteractability=false, databaseEnabled=false, handlesAlerts=true, version=72.0.3626.81, browserConnectionEnabled=false, proxy={}, nativeEvents=true, locationContextEnabled=true, cssSelectorsEnabled=true}]
Session ID: fa4f8307bfdbb447fcbb3f29766d3112
at org.openqa.selenium.remote.RemoteWebDriver.execute(RemoteWebDriver.java:665)
at org.openqa.selenium.remote.RemoteWebDriver.execute(RemoteWebDriver.java:701)
at org.openqa.selenium.remote.RemoteWebDriver.quit(RemoteWebDriver.java:526)
at project.Exp1.capturescreenshot(Exp1.java:327)
Caused by: java.lang.RuntimeException: Process refused to die after 10 seconds, and couldn't taskkill it: exec return code 1: ERROR: Server execution failed


at org.openqa.selenium.os.ProcessUtils.killWinProcess(ProcessUtils.java:142)
at org.openqa.selenium.os.ProcessUtils.killProcess(ProcessUtils.java:81)
at org.openqa.selenium.os.UnixProcess$SeleniumWatchDog.destroyHarder(UnixProcess.java:247)
at org.openqa.selenium.os.UnixProcess$SeleniumWatchDog.access$2(UnixProcess.java:246)
at org.openqa.selenium.os.UnixProcess.destroy(UnixProcess.java:125)
at org.openqa.selenium.os.CommandLine.destroy(CommandLine.java:155)
at org.openqa.selenium.remote.service.DriverService.stop(DriverService.java:196)
at org.openqa.selenium.remote.service.DriverCommandExecutor.execute(DriverCommandExecutor.java:94)
at org.openqa.selenium.remote.RemoteWebDriver.execute(RemoteWebDriver.java:644)
... 31 more
Caused by: java.lang.RuntimeException: exec return code 1: ERROR: Server execution failed


at org.openqa.selenium.os.WindowsUtils.killPID(WindowsUtils.java:185)
at org.openqa.selenium.os.ProcessUtils.killWinProcess(ProcessUtils.java:138)
... 39 more
... Removed 28 stack frames]]>
    </failure>
  </testcase> <!-- @AfterMethod capturescreenshot -->
  <testcase name="TestCase1" time="5.648" classname="project.Exp1"/>
  <testcase name="TestCase2" time="0.109" classname="project.Exp1"/>
  <testcase name="TestCase3" time="0.095" classname="project.Exp1"/>
  <testcase name="TestCase4" time="0.124" classname="project.Exp1"/>
  <testcase name="TestCase5" time="0.094" classname="project.Exp1"/>
  <testcase name="TestCase6" time="0.126" classname="project.Exp1"/>
  <testcase name="TestCase7" time="0.113" classname="project.Exp1"/>
  <testcase name="TestCase8" time="0.184" classname="project.Exp1"/>
  <testcase name="TestCase9" time="0.166" classname="project.Exp1"/>
  <testcase name="TestCase10" time="0.167" classname="project.Exp1"/>
  <testcase name="TestCase11" time="0.171" classname="project.Exp1"/>
  <testcase name="TestCase12" time="0.27" classname="project.Exp1"/>
  <testcase name="TestCase13" time="0.098" classname="project.Exp1"/>
  <testcase name="TestCase14" time="0.087" classname="project.Exp1"/>
  <testcase name="TestCase15" time="10.782" classname="project.Exp1">
    <failure type="java.lang.AssertionError" message="expected [Tutorials] but found [Corporate Training]">
      <![CDATA[java.lang.AssertionError: expected [Tutorials] but found [Corporate Training]
at project.Exp1.TestCase15(Exp1.java:296)
... Removed 31 stack frames]]>
    </failure>
  </testcase> <!-- TestCase15 -->
</testsuite> <!--  Test Cases -->
