<?xml version="1.0" encoding="UTF-8"?>
<!-- Generated by org.testng.reporters.JUnitXMLReporter -->
<testsuite hostname="DESKTOP-MCEU9RJ" ignored="0" name="OfflineWebsite" tests="15" failures="1" timestamp="27 Feb 2019 15:58:37 GMT" time="10.983" errors="0">
  <testcase name="@AfterTest getResult" time="0.0" classname="project.Exp1">
    <failure type="org.testng.TestNGException" message="
Can inject only one of &amp;lt;ITestContext, XmlTest&amp;gt; into a @AfterTest annotated getResult.
For more information on native dependency injection please refer to http://testng.org/doc/documentation-main.html#native-dependency-injection">
      <![CDATA[org.testng.TestNGException: 
Can inject only one of <ITestContext, XmlTest> into a @AfterTest annotated getResult.
For more information on native dependency injection please refer to http://testng.org/doc/documentation-main.html#native-dependency-injection
... Removed 21 stack frames]]>
    </failure>
  </testcase> <!-- @AfterTest getResult -->
  <testcase name="TestCase1" time="0.913" classname="project.Exp1"/>
  <testcase name="TestCase2" time="0.113" classname="project.Exp1"/>
  <testcase name="TestCase3" time="0.113" classname="project.Exp1"/>
  <testcase name="TestCase4" time="0.101" classname="project.Exp1"/>
  <testcase name="TestCase5" time="0.096" classname="project.Exp1"/>
  <testcase name="TestCase6" time="0.094" classname="project.Exp1"/>
  <testcase name="TestCase7" time="0.09" classname="project.Exp1"/>
  <testcase name="TestCase8" time="0.104" classname="project.Exp1"/>
  <testcase name="TestCase9" time="0.08" classname="project.Exp1"/>
  <testcase name="TestCase10" time="0.088" classname="project.Exp1"/>
  <testcase name="TestCase11" time="0.089" classname="project.Exp1"/>
  <testcase name="TestCase12" time="0.083" classname="project.Exp1"/>
  <testcase name="TestCase13" time="0.124" classname="project.Exp1"/>
  <testcase name="TestCase14" time="0.101" classname="project.Exp1"/>
  <testcase name="TestCase15" time="8.596" classname="project.Exp1">
    <failure type="java.lang.AssertionError" message="expected:&amp;lt;Corporate Training&amp;gt; but was:&amp;lt;Tutorials&amp;gt;">
      <![CDATA[java.lang.AssertionError: expected:<Corporate Training> but was:<Tutorials>
at project.Exp1.TestCase15(Exp1.java:367)
... Removed 27 stack frames]]>
    </failure>
  </testcase> <!-- TestCase15 -->
</testsuite> <!-- OfflineWebsite -->
